TN:
SF:app/error.tsx
FN:10,Error
FNF:1
FNH:0
FNDA:0,Error
DA:1,0
DA:11,0
LF:2
LH:0
BRDA:17,0,0,0
BRDA:17,0,1,0
BRDA:19,1,0,0
BRDA:19,1,1,0
BRF:4
BRH:0
end_of_record
TN:
SF:app/loading.tsx
FN:1,Loading
FN:12,(anonymous_1)
FN:28,(anonymous_2)
FNF:3
FNH:0
FNDA:0,Loading
FNDA:0,(anonymous_1)
FNDA:0,(anonymous_2)
DA:2,0
DA:13,0
DA:29,0
LF:3
LH:0
BRF:0
BRH:0
end_of_record
TN:
SF:app/not-found.tsx
FN:4,NotFound
FNF:1
FNH:0
FNDA:0,NotFound
DA:5,0
LF:1
LH:0
BRF:0
BRH:0
end_of_record
TN:
SF:app/(routes)/alarms/ack-button.tsx
FN:7,AcknowledgeButton
FNF:1
FNH:0
FNDA:0,AcknowledgeButton
DA:1,0
DA:8,0
DA:10,0
LF:3
LH:0
BRDA:19,0,0,0
BRDA:19,0,1,0
BRDA:21,1,0,0
BRDA:21,1,1,0
BRDA:24,2,0,0
BRDA:24,2,1,0
BRF:6
BRH:0
end_of_record
TN:
SF:app/(routes)/alarms/error.tsx
FN:10,AlarmsError
FNF:1
FNH:0
FNDA:0,AlarmsError
DA:1,0
DA:11,0
LF:2
LH:0
BRDA:17,0,0,0
BRDA:17,0,1,0
BRDA:19,1,0,0
BRDA:19,1,1,0
BRF:4
BRH:0
end_of_record
TN:
SF:app/(routes)/alarms/page.tsx
FN:17,relativeTime
FN:53,AlarmsPage
FN:95,(anonymous_2)
FN:123,(anonymous_3)
FNF:4
FNH:0
FNDA:0,relativeTime
FNDA:0,AlarmsPage
FNDA:0,(anonymous_2)
FNDA:0,(anonymous_3)
DA:8,0
DA:10,0
DA:18,0
DA:19,0
DA:20,0
DA:21,0
DA:22,0
DA:23,0
DA:24,0
DA:25,0
DA:28,0
DA:34,0
DA:40,0
DA:46,0
DA:54,0
DA:55,0
DA:57,0
DA:58,0
DA:60,0
DA:64,0
DA:72,0
DA:74,0
DA:96,0
DA:97,0
DA:98,0
DA:124,0
LF:26
LH:0
BRDA:20,0,0,0
BRDA:20,0,1,0
BRDA:21,1,0,0
BRDA:21,1,1,0
BRDA:23,2,0,0
BRDA:23,2,1,0
BRDA:55,3,0,0
BRDA:55,3,1,0
BRDA:58,4,0,0
BRDA:58,4,1,0
BRDA:60,5,0,0
BRDA:60,5,1,0
BRDA:60,6,0,0
BRDA:60,6,1,0
BRDA:96,7,0,0
BRDA:96,7,1,0
BRDA:97,8,0,0
BRDA:97,8,1,0
BRDA:97,8,2,0
BRDA:103,9,0,0
BRDA:103,9,1,0
BRDA:115,10,0,0
BRDA:115,10,1,0
BRDA:119,11,0,0
BRDA:119,11,1,0
BRDA:126,12,0,0
BRDA:126,12,1,0
BRDA:133,13,0,0
BRDA:133,13,1,0
BRDA:141,14,0,0
BRDA:141,14,1,0
BRDA:154,15,0,0
BRDA:154,15,1,0
BRDA:164,16,0,0
BRDA:164,16,1,0
BRDA:167,17,0,0
BRDA:167,17,1,0
BRDA:167,17,2,0
BRDA:171,18,0,0
BRDA:171,18,1,0
BRF:40
BRH:0
end_of_record
TN:
SF:app/(routes)/building/error.tsx
FN:10,BuildingError
FNF:1
FNH:0
FNDA:0,BuildingError
DA:1,0
DA:11,0
LF:2
LH:0
BRDA:17,0,0,0
BRDA:17,0,1,0
BRDA:19,1,0,0
BRDA:19,1,1,0
BRF:4
BRH:0
end_of_record
TN:
SF:app/(routes)/building/loading.tsx
FN:1,BuildingLoading
FN:15,(anonymous_1)
FN:34,(anonymous_2)
FNF:3
FNH:0
FNDA:0,BuildingLoading
FNDA:0,(anonymous_1)
FNDA:0,(anonymous_2)
DA:2,0
DA:16,0
DA:35,0
LF:3
LH:0
BRF:0
BRH:0
end_of_record
TN:
SF:app/(routes)/building/page.tsx
FN:26,hvacStatusColor
FN:35,hvacStatusLabel
FN:44,findSensor
FN:45,(anonymous_3)
FN:61,ZoneCard
FN:65,(anonymous_5)
FN:66,(anonymous_6)
FN:139,StatCard
FN:153,BuildingOverviewPage
FN:189,(anonymous_9)
FN:191,(anonymous_10)
FN:192,(anonymous_11)
FN:217,(anonymous_12)
FNF:13
FNH:0
FNDA:0,hvacStatusColor
FNDA:0,hvacStatusLabel
FNDA:0,findSensor
FNDA:0,(anonymous_3)
FNDA:0,ZoneCard
FNDA:0,(anonymous_5)
FNDA:0,(anonymous_6)
FNDA:0,StatCard
FNDA:0,BuildingOverviewPage
FNDA:0,(anonymous_9)
FNDA:0,(anonymous_10)
FNDA:0,(anonymous_11)
FNDA:0,(anonymous_12)
DA:17,0
DA:19,0
DA:27,0
DA:28,0
DA:29,0
DA:30,0
DA:31,0
DA:36,0
DA:37,0
DA:38,0
DA:39,0
DA:40,0
DA:45,0
DA:46,0
DA:62,0
DA:63,0
DA:64,0
DA:65,0
DA:66,0
DA:68,0
DA:140,0
DA:154,0
DA:155,0
DA:157,0
DA:175,0
DA:176,0
DA:187,0
DA:188,0
DA:189,0
DA:190,0
DA:191,0
DA:192,0
DA:194,0
DA:217,0
LF:34
LH:0
BRDA:27,0,0,0
BRDA:27,0,1,0
BRDA:27,0,2,0
BRDA:27,0,3,0
BRDA:36,1,0,0
BRDA:36,1,1,0
BRDA:36,1,2,0
BRDA:36,1,3,0
BRDA:46,2,0,0
BRDA:46,2,1,0
BRDA:79,3,0,0
BRDA:79,3,1,0
BRDA:85,4,0,0
BRDA:85,4,1,0
BRDA:89,5,0,0
BRDA:89,5,1,0
BRDA:93,6,0,0
BRDA:93,6,1,0
BRDA:105,7,0,0
BRDA:105,7,1,0
BRDA:119,8,0,0
BRDA:119,8,1,0
BRDA:119,9,0,0
BRDA:119,9,1,0
BRDA:120,10,0,0
BRDA:120,10,1,0
BRDA:120,11,0,0
BRDA:120,11,1,0
BRDA:142,12,0,0
BRDA:142,12,1,0
BRDA:145,13,0,0
BRDA:145,13,1,0
BRDA:155,14,0,0
BRDA:155,14,1,0
BRDA:175,15,0,0
BRDA:175,15,1,0
BRDA:201,16,0,0
BRDA:201,16,1,0
BRDA:206,17,0,0
BRDA:206,17,1,0
BRDA:211,18,0,0
BRDA:211,18,1,0
BRF:42
BRH:0
end_of_record
TN:
SF:app/(routes)/building/dashboard/page.tsx
FN:16,SmartDashboardPage
FNF:1
FNH:0
FNDA:0,SmartDashboardPage
DA:8,0
DA:10,0
DA:17,0
DA:18,0
DA:20,0
LF:5
LH:0
BRDA:18,0,0,0
BRDA:18,0,1,0
BRF:2
BRH:0
end_of_record
TN:
SF:app/(routes)/elevators/elevator-clear-recall.tsx
FN:7,ElevatorClearRecallButton
FNF:1
FNH:0
FNDA:0,ElevatorClearRecallButton
DA:1,0
DA:8,0
DA:10,0
LF:3
LH:0
BRDA:19,0,0,0
BRDA:19,0,1,0
BRDA:21,1,0,0
BRDA:21,1,1,0
BRDA:24,2,0,0
BRDA:24,2,1,0
BRF:6
BRH:0
end_of_record
TN:
SF:app/(routes)/elevators/elevator-recall-form.tsx
FN:7,ElevatorRecallForm
FNF:1
FNH:0
FNDA:0,ElevatorRecallForm
DA:1,0
DA:8,0
DA:10,0
LF:3
LH:0
BRDA:29,0,0,0
BRDA:29,0,1,0
BRDA:31,1,0,0
BRDA:31,1,1,0
BRDA:34,2,0,0
BRDA:34,2,1,0
BRF:6
BRH:0
end_of_record
TN:
SF:app/(routes)/elevators/error.tsx
FN:10,ElevatorsError
FNF:1
FNH:0
FNDA:0,ElevatorsError
DA:1,0
DA:11,0
LF:2
LH:0
BRDA:17,0,0,0
BRDA:17,0,1,0
BRDA:19,1,0,0
BRDA:19,1,1,0
BRF:4
BRH:0
end_of_record
TN:
SF:app/(routes)/elevators/page.tsx
FN:22,DirectionIcon
FN:33,DoorIcon
FN:44,ElevatorsPage
FN:53,(anonymous_3)
FN:54,(anonymous_4)
FN:54,(anonymous_5)
FN:85,(anonymous_6)
FN:94,(anonymous_7)
FNF:8
FNH:0
FNDA:0,DirectionIcon
FNDA:0,DoorIcon
FNDA:0,ElevatorsPage
FNDA:0,(anonymous_3)
FNDA:0,(anonymous_4)
FNDA:0,(anonymous_5)
FNDA:0,(anonymous_6)
FNDA:0,(anonymous_7)
DA:9,0
DA:11,0
DA:16,0
DA:23,0
DA:25,0
DA:27,0
DA:29,0
DA:34,0
DA:36,0
DA:38,0
DA:40,0
DA:45,0
DA:46,0
DA:48,0
DA:53,0
DA:54,0
DA:56,0
DA:86,0
DA:95,0
LF:19
LH:0
BRDA:23,0,0,0
BRDA:23,0,1,0
BRDA:23,0,2,0
BRDA:34,1,0,0
BRDA:34,1,1,0
BRDA:34,1,2,0
BRDA:46,2,0,0
BRDA:46,2,1,0
BRDA:71,3,0,0
BRDA:71,3,1,0
BRDA:71,4,0,0
BRDA:71,4,1,0
BRDA:72,5,0,0
BRDA:72,5,1,0
BRDA:77,6,0,0
BRDA:77,6,1,0
BRDA:88,7,0,0
BRDA:88,7,1,0
BRDA:98,8,0,0
BRDA:98,8,1,0
BRDA:106,9,0,0
BRDA:106,9,1,0
BRDA:128,10,0,0
BRDA:128,10,1,0
BRDA:132,11,0,0
BRDA:132,11,1,0
BRDA:132,11,2,0
BRDA:132,11,3,0
BRDA:143,12,0,0
BRDA:143,12,1,0
BRF:30
BRH:0
end_of_record
TN:
SF:app/(routes)/energy/error.tsx
FN:10,EnergyError
FNF:1
FNH:0
FNDA:0,EnergyError
DA:1,0
DA:11,0
LF:2
LH:0
BRDA:17,0,0,0
BRDA:17,0,1,0
BRDA:19,1,0,0
BRDA:19,1,1,0
BRF:4
BRH:0
end_of_record
TN:
SF:app/(routes)/energy/page.tsx
FN:32,getMeters
FN:43,EnergyPage
FN:49,(anonymous_2)
FN:50,(anonymous_3)
FN:107,(anonymous_4)
FN:109,(anonymous_5)
FN:154,(anonymous_6)
FNF:7
FNH:0
FNDA:0,getMeters
FNDA:0,EnergyPage
FNDA:0,(anonymous_2)
FNDA:0,(anonymous_3)
FNDA:0,(anonymous_4)
FNDA:0,(anonymous_5)
FNDA:0,(anonymous_6)
DA:7,0
DA:9,0
DA:14,0
DA:20,0
DA:26,0
DA:33,0
DA:44,0
DA:45,0
DA:47,0
DA:49,0
DA:50,0
DA:52,0
DA:108,0
DA:109,0
DA:111,0
DA:155,0
DA:156,0
LF:17
LH:0
BRDA:45,0,0,0
BRDA:45,0,1,0
BRDA:67,1,0,0
BRDA:67,1,1,0
BRDA:119,2,0,0
BRDA:119,2,1,0
BRDA:120,3,0,0
BRDA:120,3,1,0
BRDA:148,4,0,0
BRDA:148,4,1,0
BRDA:151,5,0,0
BRDA:151,5,1,0
BRDA:159,6,0,0
BRDA:159,6,1,0
BRDA:169,7,0,0
BRDA:169,7,1,0
BRDA:179,8,0,0
BRDA:179,8,1,0
BRF:18
BRH:0
end_of_record
TN:
SF:app/(routes)/fire/error.tsx
FN:10,FireError
FNF:1
FNH:0
FNDA:0,FireError
DA:1,0
DA:11,0
LF:2
LH:0
BRDA:17,0,0,0
BRDA:17,0,1,0
BRDA:19,1,0,0
BRDA:19,1,1,0
BRF:4
BRH:0
end_of_record
TN:
SF:app/(routes)/fire/fire-clear-form.tsx
FN:7,FireClearForm
FNF:1
FNH:0
FNDA:0,FireClearForm
DA:1,0
DA:8,0
DA:10,0
LF:3
LH:0
BRDA:19,0,0,0
BRDA:19,0,1,0
BRDA:21,1,0,0
BRDA:21,1,1,0
BRDA:24,2,0,0
BRDA:24,2,1,0
BRF:6
BRH:0
end_of_record
TN:
SF:app/(routes)/fire/page.tsx
FN:51,FirePage
FN:60,(anonymous_1)
FN:90,(anonymous_2)
FN:112,(anonymous_3)
FNF:4
FNH:0
FNDA:0,FirePage
FNDA:0,(anonymous_1)
FNDA:0,(anonymous_2)
FNDA:0,(anonymous_3)
DA:8,0
DA:10,0
DA:15,0
DA:22,0
DA:29,0
DA:37,0
DA:43,0
DA:52,0
DA:53,0
DA:55,0
DA:60,0
DA:62,0
DA:91,0
DA:113,0
LF:14
LH:0
BRDA:53,0,0,0
BRDA:53,0,1,0
BRDA:77,1,0,0
BRDA:77,1,1,0
BRDA:77,2,0,0
BRDA:77,2,1,0
BRDA:82,3,0,0
BRDA:82,3,1,0
BRDA:93,4,0,0
BRDA:93,4,1,0
BRDA:102,5,0,0
BRDA:102,5,1,0
BRDA:110,6,0,0
BRDA:110,6,1,0
BRDA:118,7,0,0
BRDA:118,7,1,0
BRDA:122,8,0,0
BRDA:122,8,1,0
BRDA:124,9,0,0
BRDA:124,9,1,0
BRDA:130,10,0,0
BRDA:130,10,1,0
BRDA:140,11,0,0
BRDA:140,11,1,0
BRDA:145,12,0,0
BRDA:145,12,1,0
BRF:26
BRH:0
end_of_record
TN:
SF:app/api/building/route.ts
FN:4,GET
FN:13,POST
FNF:2
FNH:0
FNDA:0,GET
FNDA:0,POST
DA:5,0
DA:6,0
DA:7,0
DA:9,0
DA:14,0
DA:15,0
DA:16,0
DA:22,0
DA:24,0
LF:9
LH:0
BRF:0
BRH:0
end_of_record
TN:
SF:app/api/buildings/[id]/route.ts
FN:4,GET
FNF:1
FNH:0
FNDA:0,GET
DA:8,0
DA:9,0
DA:10,0
DA:35,0
DA:36,0
DA:40,0
DA:46,0
DA:48,0
DA:49,0
LF:9
LH:0
BRDA:35,0,0,0
BRDA:35,0,1,0
BRF:2
BRH:0
end_of_record
TN:
SF:app/api/buildings/[id]/ui-config/route.ts
FN:14,GET
FNF:1
FNH:1
FNDA:5,GET
DA:18,5
DA:21,5
DA:22,5
DA:23,1
DA:27,4
DA:30,4
DA:33,4
DA:34,4
DA:37,4
DA:38,4
DA:39,1
DA:43,3
LF:12
LH:12
BRDA:22,0,0,1
BRDA:22,0,1,4
BRDA:38,1,0,1
BRDA:38,1,1,3
BRF:4
BRH:4
end_of_record
TN:
SF:app/api/login/route.ts
FN:4,POST
FNF:1
FNH:0
FNDA:0,POST
DA:5,0
DA:6,0
DA:8,0
DA:9,0
DA:15,0
DA:17,0
DA:18,0
DA:24,0
DA:25,0
DA:26,0
DA:33,0
DA:35,0
LF:12
LH:0
BRDA:8,0,0,0
BRDA:8,0,1,0
BRDA:8,1,0,0
BRDA:8,1,1,0
BRDA:17,2,0,0
BRDA:17,2,1,0
BRF:6
BRH:0
end_of_record
TN:
SF:app/api/logout/route.ts
FN:4,POST
FNF:1
FNH:0
FNDA:0,POST
DA:5,0
DA:6,0
DA:7,0
DA:11,0
LF:4
LH:0
BRF:0
BRH:0
end_of_record
TN:
SF:app/api/stream/building/[id]/route.ts
FN:3,sseEvent
FN:7,GET
FN:14,(anonymous_2)
FN:64,(anonymous_3)
FN:98,(anonymous_4)
FN:111,(anonymous_5)
FN:117,cancel
FNF:7
FNH:0
FNDA:0,sseEvent
FNDA:0,GET
FNDA:0,(anonymous_2)
FNDA:0,(anonymous_3)
FNDA:0,(anonymous_4)
FNDA:0,(anonymous_5)
FNDA:0,cancel
DA:4,0
DA:11,0
DA:13,0
DA:17,0
DA:45,0
DA:58,0
DA:63,0
DA:64,0
DA:65,0
DA:67,0
DA:71,0
DA:72,0
DA:73,0
DA:74,0
DA:76,0
DA:81,0
DA:98,0
DA:99,0
DA:100,0
DA:111,0
DA:112,0
DA:113,0
DA:122,0
LF:23
LH:0
BRDA:71,0,0,0
BRDA:71,0,1,0
BRF:2
BRH:0
end_of_record
TN:
SF:app/components/dynamic/DashboardClient.tsx
FN:16,(anonymous_0)
FN:22,(anonymous_1)
FN:32,(anonymous_2)
FN:49,(anonymous_3)
FNF:4
FNH:0
FNDA:0,(anonymous_0)
FNDA:0,(anonymous_1)
FNDA:0,(anonymous_2)
FNDA:0,(anonymous_3)
DA:1,0
DA:16,0
DA:17,0
DA:19,0
DA:23,0
DA:33,0
DA:50,0
LF:7
LH:0
BRDA:35,0,0,0
BRDA:35,0,1,0
BRDA:45,1,0,0
BRDA:45,1,1,0
BRDA:52,2,0,0
BRDA:52,2,1,0
BRF:6
BRH:0
end_of_record
TN:
SF:app/components/dynamic/DashboardGrid.tsx
FN:13,DashboardGrid
FNF:1
FNH:0
FNDA:0,DashboardGrid
DA:14,0
DA:15,0
DA:17,0
DA:20,0
DA:21,0
DA:42,0
DA:43,0
DA:59,0
LF:8
LH:0
BRDA:15,0,0,0
BRDA:15,0,1,0
BRDA:20,1,0,0
BRDA:20,1,1,0
BRDA:42,2,0,0
BRDA:42,2,1,0
BRDA:42,3,0,0
BRDA:42,3,1,0
BRF:8
BRH:0
end_of_record
TN:
SF:app/components/dynamic/SDUIRenderer.tsx
FN:13,(anonymous_0)
FNF:1
FNH:0
FNDA:0,(anonymous_0)
DA:1,0
DA:13,0
DA:14,0
DA:16,0
DA:17,0
DA:18,0
DA:21,0
LF:7
LH:0
BRDA:16,0,0,0
BRDA:16,0,1,0
BRF:2
BRH:0
end_of_record
TN:
SF:app/components/dynamic/UnknownWidget.tsx
FN:11,(anonymous_0)
FNF:1
FNH:0
FNDA:0,(anonymous_0)
DA:1,0
DA:11,0
DA:12,0
DA:13,0
DA:22,0
LF:5
LH:0
BRDA:12,0,0,0
BRDA:12,0,1,0
BRF:2
BRH:0
end_of_record
TN:
SF:app/components/dynamic/widgets/FirePanelCard.tsx
FN:11,(anonymous_0)
FN:41,(anonymous_1)
FNF:2
FNH:0
FNDA:0,(anonymous_0)
FNDA:0,(anonymous_1)
DA:1,0
DA:11,0
DA:12,0
DA:42,0
DA:43,0
LF:5
LH:0
BRDA:18,0,0,0
BRDA:18,0,1,0
BRDA:32,1,0,0
BRDA:32,1,1,0
BRDA:39,2,0,0
BRDA:39,2,1,0
BRDA:39,2,2,0
BRDA:42,3,0,0
BRDA:42,3,1,0
BRDA:42,4,0,0
BRDA:42,4,1,0
BRDA:44,5,0,0
BRDA:44,5,1,0
BRDA:44,6,0,0
BRDA:44,6,1,0
BRF:15
BRH:0
end_of_record
TN:
SF:app/components/dynamic/widgets/MeterGauge.tsx
FN:11,(anonymous_0)
FN:36,(anonymous_1)
FNF:2
FNH:0
FNDA:0,(anonymous_0)
FNDA:0,(anonymous_1)
DA:1,0
DA:11,0
DA:12,0
DA:37,0
DA:38,0
LF:5
LH:0
BRDA:18,0,0,0
BRDA:18,0,1,0
BRDA:29,1,0,0
BRDA:29,1,1,0
BRDA:34,2,0,0
BRDA:34,2,1,0
BRDA:34,2,2,0
BRDA:37,3,0,0
BRDA:37,3,1,0
BRDA:37,4,0,0
BRDA:37,4,1,0
BRDA:39,5,0,0
BRDA:39,5,1,0
BRDA:39,6,0,0
BRDA:39,6,1,0
BRF:15
BRH:0
end_of_record
TN:
SF:app/components/dynamic/widgets/SensorReadout.tsx
FN:12,(anonymous_0)
FN:26,(anonymous_1)
FNF:2
FNH:0
FNDA:0,(anonymous_0)
FNDA:0,(anonymous_1)
DA:1,0
DA:12,0
DA:13,0
DA:15,0
DA:27,0
DA:28,0
LF:6
LH:0
BRDA:13,0,0,0
BRDA:13,0,1,0
BRDA:24,1,0,0
BRDA:24,1,1,0
BRDA:27,2,0,0
BRDA:27,2,1,0
BRDA:27,3,0,0
BRDA:27,3,1,0
BRDA:29,4,0,0
BRDA:29,4,1,0
BRDA:29,5,0,0
BRDA:29,5,1,0
BRF:12
BRH:0
end_of_record
TN:
SF:app/components/dynamic/widgets/index.ts
FNF:0
FNH:0
DA:17,0
LF:1
LH:0
BRF:0
BRH:0
end_of_record
TN:
SF:app/components/ui/alarm-ack-form.tsx
FN:10,AlarmAckForm
FNF:1
FNH:1
FNDA:2,AlarmAckForm
DA:1,1
DA:11,2
DA:13,2
LF:3
LH:3
BRDA:21,0,0,0
BRDA:21,0,1,2
BRDA:23,1,0,2
BRDA:23,1,1,0
BRDA:24,2,0,2
BRDA:24,2,1,0
BRF:6
BRH:3
end_of_record
TN:
SF:app/components/ui/door-controls.tsx
FN:7,DoorLockButton
FNF:1
FNH:1
FNDA:4,DoorLockButton
DA:1,1
DA:14,4
DA:15,4
DA:17,4
LF:4
LH:4
BRDA:20,0,0,2
BRDA:20,0,1,2
BRDA:25,1,0,2
BRDA:25,1,1,2
BRDA:30,2,0,2
BRDA:30,2,1,2
BRDA:36,3,0,4
BRDA:36,3,1,0
BRF:8
BRH:7
end_of_record
TN:
SF:app/components/ui/hvac-controls.tsx
FN:6,SetpointForm
FN:36,FanSpeedButtons
FN:47,(anonymous_2)
FN:69,HvacModeButtons
FN:80,(anonymous_4)
FNF:5
FNH:5
FNDA:5,SetpointForm
FNDA:4,FanSpeedButtons
FNDA:20,(anonymous_2)
FNDA:3,HvacModeButtons
FNDA:12,(anonymous_4)
DA:1,1
DA:7,5
DA:9,5
DA:37,4
DA:38,4
DA:40,4
DA:48,20
DA:70,3
DA:71,3
DA:73,3
DA:81,12
LF:11
LH:11
BRDA:19,0,0,5
BRDA:19,0,1,1
BRDA:28,1,0,0
BRDA:28,1,1,5
BRDA:30,2,0,5
BRDA:30,2,1,0
BRDA:31,3,0,5
BRDA:31,3,1,0
BRDA:55,4,0,4
BRDA:55,4,1,16
BRDA:64,5,0,4
BRDA:64,5,1,0
BRDA:88,6,0,3
BRDA:88,6,1,9
BRDA:97,7,0,3
BRDA:97,7,1,0
BRF:16
BRH:11
end_of_record
TN:
SF:app/components/ui/lighting-controls.tsx
FN:7,DimSlider
FN:22,(anonymous_1)
FN:35,LightToggle
FNF:3
FNH:2
FNDA:4,DimSlider
FNDA:0,(anonymous_1)
FNDA:3,LightToggle
DA:1,1
DA:8,4
DA:10,4
DA:22,0
DA:36,3
DA:37,3
DA:39,3
LF:7
LH:6
BRDA:29,0,0,4
BRDA:29,0,1,0
BRDA:30,1,0,4
BRDA:30,1,1,0
BRDA:42,2,0,1
BRDA:42,2,1,2
BRDA:47,3,0,1
BRDA:47,3,1,2
BRDA:52,4,0,1
BRDA:52,4,1,2
BRDA:58,5,0,3
BRDA:58,5,1,0
BRF:12
BRH:9
end_of_record
TN:
SF:app/components/ui/navigation.tsx
FN:18,Navigation
FN:34,(anonymous_1)
FN:67,(anonymous_2)
FN:81,(anonymous_3)
FN:88,(anonymous_4)
FNF:5
FNH:4
FNDA:8,Navigation
FNDA:56,(anonymous_1)
FNDA:1,(anonymous_2)
FNDA:7,(anonymous_3)
FNDA:0,(anonymous_4)
DA:1,1
DA:8,1
DA:19,8
DA:20,8
DA:22,8
DA:35,56
DA:36,56
DA:37,56
DA:67,1
DA:82,7
DA:83,7
DA:84,7
DA:88,0
LF:13
LH:12
BRDA:42,0,0,8
BRDA:42,0,1,48
BRDA:69,1,0,1
BRDA:69,1,1,7
BRDA:71,2,0,1
BRDA:71,2,1,7
BRDA:78,3,0,8
BRDA:78,3,1,1
BRDA:90,4,0,1
BRDA:90,4,1,6
BRF:10
BRH:10
end_of_record
TN:
SF:app/hooks/useWidgetSSE.ts
FN:23,useWidgetSSE
FN:26,(anonymous_1)
FN:28,(anonymous_2)
FN:34,(anonymous_3)
FN:36,(anonymous_4)
FN:44,(anonymous_5)
FN:47,(anonymous_6)
FN:57,(anonymous_7)
FNF:8
FNH:8
FNDA:16,useWidgetSSE
FNDA:10,(anonymous_1)
FNDA:1,(anonymous_2)
FNDA:4,(anonymous_3)
FNDA:5,(anonymous_4)
FNDA:2,(anonymous_5)
FNDA:1,(anonymous_6)
FNDA:9,(anonymous_7)
DA:1,1
DA:24,16
DA:26,16
DA:27,10
DA:28,1
DA:29,1
DA:32,9
DA:34,9
DA:35,4
DA:36,5
DA:37,4
DA:38,4
DA:39,4
DA:41,4
DA:44,9
DA:45,2
DA:46,2
DA:47,1
DA:57,9
DA:61,16
LF:20
LH:20
BRDA:23,0,0,16
BRDA:27,1,0,1
BRDA:27,1,1,9
BRDA:46,2,0,1
BRDA:46,2,1,1
BRF:5
BRH:5
end_of_record
TN:
SF:app/login/layout.tsx
FN:8,LoginLayout
FNF:1
FNH:0
FNDA:0,LoginLayout
DA:3,0
DA:9,0
LF:2
LH:0
BRF:0
BRH:0
end_of_record
TN:
SF:app/login/page.tsx
FN:6,LoginPage
FN:12,handleSubmit
FN:57,(anonymous_2)
FNF:3
FNH:0
FNDA:0,LoginPage
FNDA:0,handleSubmit
FNDA:0,(anonymous_2)
DA:1,0
DA:7,0
DA:8,0
DA:9,0
DA:10,0
DA:13,0
DA:14,0
DA:15,0
DA:17,0
DA:18,0
DA:24,0
DA:25,0
DA:26,0
DA:28,0
DA:29,0
DA:32,0
DA:34,0
DA:38,0
DA:57,0
LF:19
LH:0
BRDA:24,0,0,0
BRDA:24,0,1,0
BRDA:29,1,0,0
BRDA:29,1,1,0
BRDA:64,2,0,0
BRDA:64,2,1,0
BRDA:72,3,0,0
BRDA:72,3,1,0
BRDA:75,4,0,0
BRDA:75,4,1,0
BRF:10
BRH:0
end_of_record
